<?xml version="1.0" encoding="UTF-8"?>
<!-- Generated by org.testng.reporters.JUnitReportReporter -->
<testsuite skipped="0" hostname="LAPTOP-FR3EL910" name="com.pet.swagger.gluecode.GetPetRequest" tests="2" failures="0" timestamp="2022-03-07T18:55:17 IST" time="11.985" errors="0">
  <testcase name="getPetTest" time="11.411" classname="com.pet.swagger.gluecode.GetPetRequest"/>
  <system-out/>
  <testcase name="getNotFoundPetTest" time="0.574" classname="com.pet.swagger.gluecode.GetPetRequest"/>
  <system-out/>
</testsuite> <!-- com.pet.swagger.gluecode.GetPetRequest -->
