<?xml version="1.0" encoding="UTF-8"?>
<!-- Generated by org.testng.reporters.JUnitReportReporter -->
<testsuite skipped="0" hostname="LAPTOP-FR3EL910" name="com.pet.swagger.gluecode.CreatePet" tests="3" failures="0" timestamp="2022-03-07T18:55:17 IST" time="3.193" errors="0">
  <testcase name="createMinDataPet" time="1.902" classname="com.pet.swagger.gluecode.CreatePet"/>
  <system-out/>
  <testcase name="createFullDataPet" time="0.680" classname="com.pet.swagger.gluecode.CreatePet"/>
  <system-out/>
  <testcase name="postIncorrectJson" time="0.611" classname="com.pet.swagger.gluecode.CreatePet"/>
  <system-out/>
</testsuite> <!-- com.pet.swagger.gluecode.CreatePet -->
